Build started 25.01.2011 4:02:01.
     1>Project "C:\Users\pakso\Desktop\Kharkov\Contest\orange_cutting\VSCPPSolution\VSCPPSolution.vcxproj" on node 2 (build target(s)).
     1>InitializeBuildStatus:
         Touching "Debug\VSCPPSolution.unsuccessfulbuild".
       ClCompile:
         C:\Program Files (x86)\Microsoft Visual Studio 10.0\VC\bin\CL.exe /c /ZI /nologo /W3 /WX- /Od /Oy- /D WIN32 /D _DEBUG /D _CONSOLE /D _UNICODE /D UNICODE /Gm /EHsc /RTC1 /MDd /GS /fp:precise /Zc:wchar_t /Zc:forScope /Fo"Debug\\" /Fd"Debug\vc100.pdb" /Gd /TP /analyze- /errorReport:prompt ..\correct_sp.cpp
         correct_sp.cpp
       ManifestResourceCompile:
         All outputs are up-to-date.
       Link:
         C:\Program Files (x86)\Microsoft Visual Studio 10.0\VC\bin\link.exe /ERRORREPORT:PROMPT /OUT:"C:\Users\pakso\Desktop\Kharkov\Contest\orange_cutting\VSCPPSolution\Debug\VSCPPSolution.exe" /INCREMENTAL /NOLOGO kernel32.lib user32.lib gdi32.lib winspool.lib comdlg32.lib advapi32.lib shell32.lib ole32.lib oleaut32.lib uuid.lib odbc32.lib odbccp32.lib /MANIFEST /ManifestFile:"Debug\VSCPPSolution.exe.intermediate.manifest" /MANIFESTUAC:"level='asInvoker' uiAccess='false'" /DEBUG /PDB:"C:\Users\pakso\Desktop\Kharkov\Contest\orange_cutting\VSCPPSolution\Debug\VSCPPSolution.pdb" /SUBSYSTEM:CONSOLE /TLBID:1 /DYNAMICBASE /NXCOMPAT /IMPLIB:"C:\Users\pakso\Desktop\Kharkov\Contest\orange_cutting\VSCPPSolution\Debug\VSCPPSolution.lib" /MACHINE:X86 Debug\VSCPPSolution.exe.embed.manifest.res
         Debug\correct_sp.obj
       Manifest:
         C:\Program Files (x86)\Microsoft SDKs\Windows\v7.0A\bin\mt.exe /nologo /verbose /out:"Debug\VSCPPSolution.exe.embed.manifest" /manifest Debug\VSCPPSolution.exe.intermediate.manifest
         All outputs are up-to-date.
       LinkEmbedManifest:
         All outputs are up-to-date.
         VSCPPSolution.vcxproj -> C:\Users\pakso\Desktop\Kharkov\Contest\orange_cutting\VSCPPSolution\Debug\VSCPPSolution.exe
       FinalizeBuildStatus:
         Deleting file "Debug\VSCPPSolution.unsuccessfulbuild".
         Touching "Debug\VSCPPSolution.lastbuildstate".
     1>Done Building Project "C:\Users\pakso\Desktop\Kharkov\Contest\orange_cutting\VSCPPSolution\VSCPPSolution.vcxproj" (build target(s)).

Build succeeded.

Time Elapsed 00:00:03.21
