Build started 31.01.2011 0:29:41.
     1>Project "C:\Users\pakso\Desktop\Kharkov\Contest\Cones\Cones\Cones.vcxproj" on node 2 (build target(s)).
     1>InitializeBuildStatus:
         Creating "Debug\Cones.unsuccessfulbuild" because "AlwaysCreate" was specified.
       ClCompile:
         C:\Program Files (x86)\Microsoft Visual Studio 10.0\VC\bin\CL.exe /c /ZI /nologo /W3 /WX- /Od /Oy- /D WIN32 /D _DEBUG /D _CONSOLE /D _UNICODE /D UNICODE /Gm /EHsc /RTC1 /MDd /GS /fp:precise /Zc:wchar_t /Zc:forScope /Fo"Debug\\" /Fd"Debug\vc100.pdb" /Gd /TP /analyze- /errorReport:prompt "..\..\problems-tests\cones\correct_sp.cpp"
         correct_sp.cpp
     1>c:\users\pakso\desktop\kharkov\contest\problems-tests\cones\testlib.h(2073): warning C4273: 'rand' : inconsistent dll linkage
                 c:\program files (x86)\microsoft visual studio 10.0\vc\include\stdlib.h(504) : see previous definition of 'rand'
     1>c:\users\pakso\desktop\kharkov\contest\problems-tests\cones\testlib.h(2079): warning C4273: 'srand' : inconsistent dll linkage
                 c:\program files (x86)\microsoft visual studio 10.0\vc\include\stdlib.h(511) : see previous definition of 'srand'
     1>c:\users\pakso\desktop\kharkov\contest\problems-tests\cones\correct_sp.cpp(231): warning C4018: '<' : signed/unsigned mismatch
       ManifestResourceCompile:
         All outputs are up-to-date.
       Link:
         C:\Program Files (x86)\Microsoft Visual Studio 10.0\VC\bin\link.exe /ERRORREPORT:PROMPT /OUT:"C:\Users\pakso\Desktop\Kharkov\Contest\Cones\Cones\Debug\Cones.exe" /INCREMENTAL /NOLOGO kernel32.lib user32.lib gdi32.lib winspool.lib comdlg32.lib advapi32.lib shell32.lib ole32.lib oleaut32.lib uuid.lib odbc32.lib odbccp32.lib /MANIFEST /ManifestFile:"Debug\Cones.exe.intermediate.manifest" /MANIFESTUAC:"level='asInvoker' uiAccess='false'" /DEBUG /PDB:"C:\Users\pakso\Desktop\Kharkov\Contest\Cones\Cones\Debug\Cones.pdb" /SUBSYSTEM:CONSOLE /TLBID:1 /DYNAMICBASE /NXCOMPAT /IMPLIB:"C:\Users\pakso\Desktop\Kharkov\Contest\Cones\Cones\Debug\Cones.lib" /MACHINE:X86 Debug\Cones.exe.embed.manifest.res
         Debug\correct_sp.obj
            Creating library C:\Users\pakso\Desktop\Kharkov\Contest\Cones\Cones\Debug\Cones.lib and object C:\Users\pakso\Desktop\Kharkov\Contest\Cones\Cones\Debug\Cones.exp
       Manifest:
         C:\Program Files (x86)\Microsoft SDKs\Windows\v7.0A\bin\mt.exe /nologo /verbose /out:"Debug\Cones.exe.embed.manifest" /manifest Debug\Cones.exe.intermediate.manifest
         All outputs are up-to-date.
       LinkEmbedManifest:
         All outputs are up-to-date.
         Cones.vcxproj -> C:\Users\pakso\Desktop\Kharkov\Contest\Cones\Cones\Debug\Cones.exe
       FinalizeBuildStatus:
         Deleting file "Debug\Cones.unsuccessfulbuild".
         Touching "Debug\Cones.lastbuildstate".
     1>Done Building Project "C:\Users\pakso\Desktop\Kharkov\Contest\Cones\Cones\Cones.vcxproj" (build target(s)).

Build succeeded.

Time Elapsed 00:00:04.75
